<?xml version="1.0" encoding="UTF-8"?>
<!-- Generated by org.testng.reporters.JUnitReportReporter -->
<testsuite hostname="Div" failures="0" tests="1" name="testCases.TestScreenshot" time="27.914" errors="0" timestamp="2023-08-27T23:24:46 IST" skipped="0">
  <testcase classname="testCases.TestScreenshot" name="sample1" time="27.914"/>
  <system-out/>
</testsuite> <!-- testCases.TestScreenshot -->
